Build started 9/1/2013 3:06:17 PM.
     1>Project "c:\Users\nathaniel lane\documents\visual studio 2010\Projects\Lab01\Lab01\Lab01.vcxproj" on node 2 (build target(s)).
     1>InitializeBuildStatus:
         Creating "Debug\Lab01.unsuccessfulbuild" because "AlwaysCreate" was specified.
       ClCompile:
         c:\Program Files (x86)\Microsoft Visual Studio 10.0\VC\bin\CL.exe /c /ZI /nologo /W3 /WX- /Od /Oy- /D _MBCS /Gm /EHsc /RTC1 /MDd /GS /fp:precise /Zc:wchar_t /Zc:forScope /Fo"Debug\\" /Fd"Debug\vc100.pdb" /Gd /TP /analyze- /errorReport:prompt main.cpp
         main.cpp
       Link:
         c:\Program Files (x86)\Microsoft Visual Studio 10.0\VC\bin\link.exe /ERRORREPORT:PROMPT /OUT:"c:\users\nathaniel lane\documents\visual studio 2010\Projects\Lab01\Debug\Lab01.exe" /NOLOGO kernel32.lib user32.lib gdi32.lib winspool.lib comdlg32.lib advapi32.lib shell32.lib ole32.lib oleaut32.lib uuid.lib odbc32.lib odbccp32.lib /MANIFEST /ManifestFile:"Debug\Lab01.exe.intermediate.manifest" /MANIFESTUAC:"level='asInvoker' uiAccess='false'" /DEBUG /PDB:"c:\users\nathaniel lane\documents\visual studio 2010\Projects\Lab01\Debug\Lab01.pdb" /TLBID:1 /DYNAMICBASE /NXCOMPAT /IMPLIB:"c:\users\nathaniel lane\documents\visual studio 2010\Projects\Lab01\Debug\Lab01.lib" /MACHINE:X86 Debug\image.obj
         Debug\main.obj
         LINK : c:\users\nathaniel lane\documents\visual studio 2010\Projects\Lab01\Debug\Lab01.exe not found or not built by the last incremental link; performing full link
         Lab01.vcxproj -> c:\users\nathaniel lane\documents\visual studio 2010\Projects\Lab01\Debug\Lab01.exe
       Manifest:
         C:\Program Files (x86)\Microsoft SDKs\Windows\v7.0A\bin\mt.exe /nologo /verbose /outputresource:"c:\users\nathaniel lane\documents\visual studio 2010\Projects\Lab01\Debug\Lab01.exe;#1" /manifest Debug\Lab01.exe.intermediate.manifest
       FinalizeBuildStatus:
         Deleting file "Debug\Lab01.unsuccessfulbuild".
         Touching "Debug\Lab01.lastbuildstate".
     1>Done Building Project "c:\Users\nathaniel lane\documents\visual studio 2010\Projects\Lab01\Lab01\Lab01.vcxproj" (build target(s)).

Build succeeded.

Time Elapsed 00:00:02.37
