Build started 9/3/2013 3:52:36 PM.
     1>Project "c:\Users\Gavin\documents\visual studio 2010\Projects\lab1\lab1\lab1.vcxproj" on node 2 (build target(s)).
     1>InitializeBuildStatus:
         Creating "Debug\lab1.unsuccessfulbuild" because "AlwaysCreate" was specified.
       ClCompile:
         c:\Program Files (x86)\Microsoft Visual Studio 10.0\VC\bin\CL.exe /c /ZI /nologo /W3 /WX- /Od /Oy- /D WIN32 /D _DEBUG /D _CONSOLE /D _UNICODE /D UNICODE /Gm /EHsc /RTC1 /MDd /GS /fp:precise /Zc:wchar_t /Zc:forScope /Fo"Debug\\" /Fd"Debug\vc100.pdb" /Gd /TP /analyze- /errorReport:prompt lab1.cpp
         lab1.cpp
     1>c:\users\gavin\documents\visual studio 2010\projects\lab1\lab1\lab1.cpp(189): warning C4258: 'i' : definition from the for loop is ignored; the definition from the enclosing scope is used
                 c:\users\gavin\documents\visual studio 2010\projects\lab1\lab1\lab1.cpp(139) : definition of 'i' ignored
                 c:\users\gavin\documents\visual studio 2010\projects\lab1\lab1\lab1.cpp(131) : definition of 'i' used
     1>c:\users\gavin\documents\visual studio 2010\projects\lab1\lab1\lab1.cpp(61): warning C4101: 'counter' : unreferenced local variable
       ManifestResourceCompile:
         All outputs are up-to-date.
       Link:
         c:\Program Files (x86)\Microsoft Visual Studio 10.0\VC\bin\link.exe /ERRORREPORT:PROMPT /OUT:"c:\users\gavin\documents\visual studio 2010\Projects\lab1\Debug\lab1.exe" /INCREMENTAL /NOLOGO kernel32.lib user32.lib gdi32.lib winspool.lib comdlg32.lib advapi32.lib shell32.lib ole32.lib oleaut32.lib uuid.lib odbc32.lib odbccp32.lib /MANIFEST /ManifestFile:"Debug\lab1.exe.intermediate.manifest" /MANIFESTUAC:"level='asInvoker' uiAccess='false'" /DEBUG /PDB:"c:\users\gavin\documents\visual studio 2010\Projects\lab1\Debug\lab1.pdb" /SUBSYSTEM:CONSOLE /TLBID:1 /DYNAMICBASE /NXCOMPAT /IMPLIB:"c:\users\gavin\documents\visual studio 2010\Projects\lab1\Debug\lab1.lib" /MACHINE:X86 Debug\lab1.exe.embed.manifest.res
         Debug\lab1.obj
       Manifest:
         C:\Program Files (x86)\Microsoft SDKs\Windows\v7.0A\bin\mt.exe /nologo /verbose /out:"Debug\lab1.exe.embed.manifest" /manifest Debug\lab1.exe.intermediate.manifest
         All outputs are up-to-date.
       LinkEmbedManifest:
         All outputs are up-to-date.
         lab1.vcxproj -> c:\users\gavin\documents\visual studio 2010\Projects\lab1\Debug\lab1.exe
       FinalizeBuildStatus:
         Deleting file "Debug\lab1.unsuccessfulbuild".
         Touching "Debug\lab1.lastbuildstate".
     1>Done Building Project "c:\Users\Gavin\documents\visual studio 2010\Projects\lab1\lab1\lab1.vcxproj" (build target(s)).

Build succeeded.

Time Elapsed 00:00:01.73
