Build started 1/26/2013 12:05:43 PM.
     1>Project "C:\Downloads\LRS\Clients\PlayerCppAI\PlayerCppAI.vcxproj" on node 2 (build target(s)).
     1>InitializeBuildStatus:
         Touching "Debug\PlayerCppAI.unsuccessfulbuild".
       ClCompile:
         All outputs are up-to-date.
         All outputs are up-to-date.
       ManifestResourceCompile:
         All outputs are up-to-date.
       Link:
         c:\Program Files (x86)\Microsoft Visual Studio 10.0\VC\bin\link.exe /ERRORREPORT:PROMPT /OUT:"C:\Downloads\LRS\Clients\PlayerCppAI\Debug\PlayerCppAI.exe" /INCREMENTAL /NOLOGO /LIBPATH:C:\Downloads\boost\boost_1_52_0\lib kernel32.lib user32.lib gdi32.lib winspool.lib comdlg32.lib advapi32.lib shell32.lib ole32.lib oleaut32.lib uuid.lib odbc32.lib odbccp32.lib /MANIFEST /ManifestFile:"Debug\PlayerCppAI.exe.intermediate.manifest" /MANIFESTUAC:"level='asInvoker' uiAccess='false'" /DEBUG /PDB:"C:\Downloads\LRS\Clients\PlayerCppAI\Debug\PlayerCppAI.pdb" /SUBSYSTEM:CONSOLE /TLBID:1 /DYNAMICBASE /NXCOMPAT /IMPLIB:"C:\Downloads\LRS\Clients\PlayerCppAI\Debug\PlayerCppAI.lib" /MACHINE:X86 Debug\PlayerCppAI.exe.embed.manifest.res
         Debug\BoardLocation.obj
         Debug\Card.obj
         Debug\cdecode.obj
         Debug\cencode.obj
         Debug\CombatUnit.obj
         Debug\Conveyor.obj
         Debug\EncodingMock.obj
         Debug\FifoBuffer.obj
         Debug\FlagState.obj
         Debug\Framework.obj
         Debug\GameMap.obj
         Debug\Image.obj
         Debug\Laser.obj
         Debug\main.obj
         Debug\MapSquare.obj
         Debug\MapSquareProperty.obj
         Debug\MyPlayerBrain.obj
         Debug\Player.obj
         Debug\PlayerTurn.obj
         Debug\Point.obj
         Debug\pugixml.obj
         Debug\Robot.obj
         Debug\TcpClient.obj
         Debug\Trap.obj
         Debug\Utilities.obj
       Manifest:
         C:\Program Files (x86)\Microsoft SDKs\Windows\v7.0A\bin\mt.exe /nologo /verbose /out:"Debug\PlayerCppAI.exe.embed.manifest" /manifest Debug\PlayerCppAI.exe.intermediate.manifest
         C:\Program Files (x86)\Microsoft SDKs\Windows\v7.0A\bin\rc.exe /nologo /fo"Debug\PlayerCppAI.exe.embed.manifest.res" Debug\PlayerCppAI_manifest.rc 
       LinkEmbedManifest:
         c:\Program Files (x86)\Microsoft Visual Studio 10.0\VC\bin\link.exe /ERRORREPORT:PROMPT /OUT:"C:\Downloads\LRS\Clients\PlayerCppAI\Debug\PlayerCppAI.exe" /INCREMENTAL /NOLOGO /LIBPATH:C:\Downloads\boost\boost_1_52_0\lib kernel32.lib user32.lib gdi32.lib winspool.lib comdlg32.lib advapi32.lib shell32.lib ole32.lib oleaut32.lib uuid.lib odbc32.lib odbccp32.lib /MANIFEST /ManifestFile:"Debug\PlayerCppAI.exe.intermediate.manifest" /MANIFESTUAC:"level='asInvoker' uiAccess='false'" /DEBUG /PDB:"C:\Downloads\LRS\Clients\PlayerCppAI\Debug\PlayerCppAI.pdb" /SUBSYSTEM:CONSOLE /TLBID:1 /DYNAMICBASE /NXCOMPAT /IMPLIB:"C:\Downloads\LRS\Clients\PlayerCppAI\Debug\PlayerCppAI.lib" /MACHINE:X86 Debug\PlayerCppAI.exe.embed.manifest.res
         Debug\BoardLocation.obj
         Debug\Card.obj
         Debug\cdecode.obj
         Debug\cencode.obj
         Debug\CombatUnit.obj
         Debug\Conveyor.obj
         Debug\EncodingMock.obj
         Debug\FifoBuffer.obj
         Debug\FlagState.obj
         Debug\Framework.obj
         Debug\GameMap.obj
         Debug\Image.obj
         Debug\Laser.obj
         Debug\main.obj
         Debug\MapSquare.obj
         Debug\MapSquareProperty.obj
         Debug\MyPlayerBrain.obj
         Debug\Player.obj
         Debug\PlayerTurn.obj
         Debug\Point.obj
         Debug\pugixml.obj
         Debug\Robot.obj
         Debug\TcpClient.obj
         Debug\Trap.obj
         Debug\Utilities.obj
         PlayerCppAI.vcxproj -> C:\Downloads\LRS\Clients\PlayerCppAI\Debug\PlayerCppAI.exe
       FinalizeBuildStatus:
         Deleting file "Debug\PlayerCppAI.unsuccessfulbuild".
         Touching "Debug\PlayerCppAI.lastbuildstate".
     1>Done Building Project "C:\Downloads\LRS\Clients\PlayerCppAI\PlayerCppAI.vcxproj" (build target(s)).

Build succeeded.

Time Elapsed 00:00:03.02
