C:\Users\Kiel Heerding\Documents\CSCI262\Lab1\Debug\Lab1.pdb
C:\Users\Kiel Heerding\Documents\CSCI262\Lab1\Lab1\Debug\cl.command.1.tlog
C:\Users\Kiel Heerding\Documents\CSCI262\Lab1\Lab1\Debug\CL.read.1.tlog
C:\Users\Kiel Heerding\Documents\CSCI262\Lab1\Lab1\Debug\CL.write.1.tlog
C:\USERS\KIEL HEERDING\DOCUMENTS\CSCI262\LAB1\LAB1\DEBUG\EFFECTS.OBJ
C:\USERS\KIEL HEERDING\DOCUMENTS\CSCI262\LAB1\LAB1\DEBUG\FUNCTIONS.OBJ
C:\USERS\KIEL HEERDING\DOCUMENTS\CSCI262\LAB1\LAB1\DEBUG\LAB1.EXE.EMBED.MANIFEST
C:\USERS\KIEL HEERDING\DOCUMENTS\CSCI262\LAB1\LAB1\DEBUG\LAB1.EXE.EMBED.MANIFEST.RES
C:\Users\Kiel Heerding\Documents\CSCI262\Lab1\Lab1\Debug\Lab1.exe.intermediate.manifest
C:\Users\Kiel Heerding\Documents\CSCI262\Lab1\Lab1\Debug\Lab1_manifest.rc
C:\Users\Kiel Heerding\Documents\CSCI262\Lab1\Lab1\Debug\link.1208.read.1.tlog
C:\Users\Kiel Heerding\Documents\CSCI262\Lab1\Lab1\Debug\link.1208.write.1.tlog
C:\Users\Kiel Heerding\Documents\CSCI262\Lab1\Lab1\Debug\link.1208-cvtres.read.1.tlog
C:\Users\Kiel Heerding\Documents\CSCI262\Lab1\Lab1\Debug\link.1208-cvtres.write.1.tlog
C:\Users\Kiel Heerding\Documents\CSCI262\Lab1\Lab1\Debug\link.2020.read.1.tlog
C:\Users\Kiel Heerding\Documents\CSCI262\Lab1\Lab1\Debug\link.2020.write.1.tlog
C:\Users\Kiel Heerding\Documents\CSCI262\Lab1\Lab1\Debug\link.2020-cvtres.read.1.tlog
C:\Users\Kiel Heerding\Documents\CSCI262\Lab1\Lab1\Debug\link.2020-cvtres.write.1.tlog
C:\Users\Kiel Heerding\Documents\CSCI262\Lab1\Lab1\Debug\link.2996.read.1.tlog
C:\Users\Kiel Heerding\Documents\CSCI262\Lab1\Lab1\Debug\link.2996.write.1.tlog
C:\Users\Kiel Heerding\Documents\CSCI262\Lab1\Lab1\Debug\link.2996-cvtres.read.1.tlog
C:\Users\Kiel Heerding\Documents\CSCI262\Lab1\Lab1\Debug\link.2996-cvtres.write.1.tlog
C:\Users\Kiel Heerding\Documents\CSCI262\Lab1\Lab1\Debug\link.command.1.tlog
C:\Users\Kiel Heerding\Documents\CSCI262\Lab1\Lab1\Debug\link.read.1.tlog
C:\Users\Kiel Heerding\Documents\CSCI262\Lab1\Lab1\Debug\link.write.1.tlog
C:\Users\Kiel Heerding\Documents\CSCI262\Lab1\Lab1\Debug\link-cvtres.read.1.tlog
C:\Users\Kiel Heerding\Documents\CSCI262\Lab1\Lab1\Debug\link-cvtres.write.1.tlog
C:\USERS\KIEL HEERDING\DOCUMENTS\CSCI262\LAB1\LAB1\DEBUG\MAIN.OBJ
C:\Users\Kiel Heerding\Documents\CSCI262\Lab1\Lab1\Debug\mt.command.1.tlog
C:\Users\Kiel Heerding\Documents\CSCI262\Lab1\Lab1\Debug\mt.read.1.tlog
C:\Users\Kiel Heerding\Documents\CSCI262\Lab1\Lab1\Debug\mt.write.1.tlog
C:\Users\Kiel Heerding\Documents\CSCI262\Lab1\Lab1\Debug\rc.command.1.tlog
C:\Users\Kiel Heerding\Documents\CSCI262\Lab1\Lab1\Debug\rc.read.1.tlog
C:\Users\Kiel Heerding\Documents\CSCI262\Lab1\Lab1\Debug\rc.write.1.tlog
C:\Users\Kiel Heerding\Documents\CSCI262\Lab1\Lab1\Debug\vc100.idb
C:\USERS\KIEL HEERDING\DOCUMENTS\CSCI262\LAB1\LAB1\DEBUG\VC100.PDB
